{
  "stats": {
    "suites": 1,
    "tests": 1,
    "passes": 1,
    "pending": 0,
    "failures": 0,
    "start": "2023-07-31T10:21:24.292Z",
    "end": "2023-07-31T10:21:24.572Z",
    "duration": 280,
    "testsRegistered": 1,
    "passPercent": 100,
    "pendingPercent": 0,
    "other": 0,
    "hasOther": false,
    "skipped": 0,
    "hasSkipped": false
  },
  "results": [
    {
      "uuid": "0190d397-2fd3-45f6-8d60-3b5dfaf8a5cf",
      "title": "",
      "fullFile": "D:\\Personnel\\misc\\Automation\\axios_APITestAutomation_mocha\\api-test\\baseuri_fromproperties.js",
      "file": "\\api-test\\baseuri_fromproperties.js",
      "beforeHooks": [],
      "afterHooks": [],
      "tests": [],
      "suites": [
        {
          "uuid": "77fb2f89-a653-4ab6-9c19-0e02ce6c8974",
          "title": "get api request test reading properties file",
          "fullFile": "D:\\Personnel\\misc\\Automation\\axios_APITestAutomation_mocha\\api-test\\baseuri_fromproperties.js",
          "file": "\\api-test\\baseuri_fromproperties.js",
          "beforeHooks": [],
          "afterHooks": [],
          "tests": [
            {
              "title": "should return user list using properties file",
              "fullTitle": "get api request test reading properties file should return user list using properties file",
              "timedOut": false,
              "duration": 275,
              "state": "passed",
              "speed": "slow",
              "pass": true,
              "fail": false,
              "pending": false,
              "context": null,
              "code": "const res = await axios.get(properties.get('baseuri') + '/users?page=2');\n    console.log(res.data);\n    expect(res.data.page).equal(2);\n    expect(res.data.per_page).equal(6);",
              "err": {},
              "uuid": "aa4a2223-6dc0-46a7-a8c3-d1ec31981052",
              "parentUUID": "77fb2f89-a653-4ab6-9c19-0e02ce6c8974",
              "isHook": false,
              "skipped": false
            }
          ],
          "suites": [],
          "passes": [
            "aa4a2223-6dc0-46a7-a8c3-d1ec31981052"
          ],
          "failures": [],
          "pending": [],
          "skipped": [],
          "duration": 275,
          "root": false,
          "rootEmpty": false,
          "_timeout": 30000
        }
      ],
      "passes": [],
      "failures": [],
      "pending": [],
      "skipped": [],
      "duration": 0,
      "root": true,
      "rootEmpty": true,
      "_timeout": 30000
    }
  ],
  "meta": {
    "mocha": {
      "version": "10.2.0"
    },
    "mochawesome": {
      "options": {
        "quiet": false,
        "reportFilename": "mochawesome",
        "saveHtml": true,
        "saveJson": true,
        "consoleReporter": "spec",
        "useInlineDiffs": false,
        "code": true
      },
      "version": "7.1.3"
    },
    "marge": {
      "options": null,
      "version": "6.2.0"
    }
  }
}